2025-02-12 01:18:07,953 INFO: Database tables created successfully 🎯 [in /Users/aihub/AI Empire HQ/Archived Chaos/emin_Draft/musicstagram.py:180]
2025-02-12 01:18:39,834 WARNING: 404 error: http://localhost:5001/favicon.ico [in /Users/aihub/AI Empire HQ/Archived Chaos/emin_Draft/musicstagram.py:865]
2025-02-12 01:19:45,179 INFO: New user registered successfully: gosgorfatih 🎉 [in /Users/aihub/AI Empire HQ/Archived Chaos/emin_Draft/musicstagram.py:295]
2025-02-12 01:19:57,212 INFO: Login attempt for username: gosgorfatih [in /Users/aihub/AI Empire HQ/Archived Chaos/emin_Draft/musicstagram.py:331]
2025-02-12 01:19:57,398 INFO: User logged in successfully: gosgorfatih 🎵 [in /Users/aihub/AI Empire HQ/Archived Chaos/emin_Draft/musicstagram.py:358]
2025-02-12 01:20:57,040 INFO: Musicstagram startup - Debug mode: True [in /Users/aihub/AI Empire HQ/Archived Chaos/emin_Draft/musicstagram.py:164]
2025-02-12 01:20:57,050 INFO: Database tables created successfully 🎯 [in /Users/aihub/AI Empire HQ/Archived Chaos/emin_Draft/musicstagram.py:180]
2025-02-12 01:21:09,148 INFO: Login attempt for username: gosgorfatih [in /Users/aihub/AI Empire HQ/Archived Chaos/emin_Draft/musicstagram.py:328]
2025-02-12 01:21:09,165 WARNING: Login failed - user not found: gosgorfatih [in /Users/aihub/AI Empire HQ/Archived Chaos/emin_Draft/musicstagram.py:339]
2025-02-12 01:21:22,163 INFO: New user registered successfully: we4rtwe 🎉 [in /Users/aihub/AI Empire HQ/Archived Chaos/emin_Draft/musicstagram.py:292]
2025-02-12 01:21:35,359 INFO: Login attempt for username: we4rtwe [in /Users/aihub/AI Empire HQ/Archived Chaos/emin_Draft/musicstagram.py:328]
2025-02-12 01:21:35,520 INFO: User logged in successfully: we4rtwe 🎵 [in /Users/aihub/AI Empire HQ/Archived Chaos/emin_Draft/musicstagram.py:355]
2025-02-12 10:05:12,373 INFO: Musicstagram startup - Debug mode: True [in /Users/aihub/AI Empire HQ/Archived Chaos/emin_Draft/musicstagram.py:164]
2025-02-12 10:05:12,380 INFO: Database tables ready to rock 🎯 [in /Users/aihub/AI Empire HQ/Archived Chaos/emin_Draft/musicstagram.py:179]
2025-02-12 10:07:02,848 INFO: Musicstagram startup - Debug mode: True [in /Users/aihub/AI Empire HQ/Archived Chaos/emin_Draft/musicstagram.py:164]
2025-02-12 10:07:02,851 INFO: Database tables ready to rock 🎯 [in /Users/aihub/AI Empire HQ/Archived Chaos/emin_Draft/musicstagram.py:179]
2025-02-12 10:13:15,302 INFO: New user registered successfully: ouz 🎉 [in /Users/aihub/AI Empire HQ/Archived Chaos/emin_Draft/musicstagram.py:285]
2025-02-12 10:13:40,519 INFO: Login attempt for username: ouz [in /Users/aihub/AI Empire HQ/Archived Chaos/emin_Draft/musicstagram.py:321]
2025-02-12 10:13:40,679 INFO: User logged in successfully: ouz 🎵 [in /Users/aihub/AI Empire HQ/Archived Chaos/emin_Draft/musicstagram.py:348]
2025-02-12 10:15:53,887 INFO: Login attempt for username: ouz [in /Users/aihub/AI Empire HQ/Archived Chaos/emin_Draft/musicstagram.py:321]
2025-02-12 10:15:54,050 INFO: User logged in successfully: ouz 🎵 [in /Users/aihub/AI Empire HQ/Archived Chaos/emin_Draft/musicstagram.py:348]
2025-02-12 10:17:52,699 INFO: Login attempt for username: ouz [in /Users/aihub/AI Empire HQ/Archived Chaos/emin_Draft/musicstagram.py:321]
2025-02-12 10:17:52,861 INFO: User logged in successfully: ouz 🎵 [in /Users/aihub/AI Empire HQ/Archived Chaos/emin_Draft/musicstagram.py:348]
